07-02 18:25:25 com_github_MitjaNemec_SaveRestoreLayout.action_save_restore_layout 178:Plugin executed on: 'darwin'
07-02 18:25:25 com_github_MitjaNemec_SaveRestoreLayout.action_save_restore_layout 179:Plugin executed with python version: '3.9.13 (v3.9.13:6de2ca5339, May 17 2022, 11:37:23) \n[Clang 13.0.0 (clang-1300.0.29.30)]'
07-02 18:25:25 com_github_MitjaNemec_SaveRestoreLayout.action_save_restore_layout 180:KiCad build version: 8.0.3
07-02 18:25:25 com_github_MitjaNemec_SaveRestoreLayout.action_save_restore_layout 181:Plugin version: 3.0.1
07-02 18:25:25 com_github_MitjaNemec_SaveRestoreLayout.action_save_restore_layout 182:Frame repr: <wx._core.Frame object at 0x127b999d0>
07-02 18:25:25 com_github_MitjaNemec_SaveRestoreLayout.action_save_restore_layout 200:Anchor footprint reference is 'F201'
07-02 18:25:27 com_github_MitjaNemec_SaveRestoreLayout.action_save_restore_layout 209:Save layout chosen
07-02 18:25:27 com_github_MitjaNemec_SaveRestoreLayout.save_restore_layout 453:Working on /Users/michaelarmbrust/workspace/circuits/Blocks/Blocks.kicad_pcb
07-02 18:25:27 com_github_MitjaNemec_SaveRestoreLayout.save_restore_layout 176:getting a list of all footprints on board
07-02 18:25:27 com_github_MitjaNemec_SaveRestoreLayout.save_restore_layout 458:Saving the current board temporary in order to leave current layout intact
07-02 18:25:27 com_github_MitjaNemec_SaveRestoreLayout.save_restore_layout 464:Saving board as tempfile: /var/folders/q0/krmr3n0x7lv76w659mpkdrp80000gn/T/temp_board_file_for_save.kicad_pcb
07-02 18:25:27 com_github_MitjaNemec_SaveRestoreLayout.save_restore_layout 469:Loaded temp boardfile: /var/folders/q0/krmr3n0x7lv76w659mpkdrp80000gn/T/temp_board_file_for_save.kicad_pcb
07-02 18:25:27 com_github_MitjaNemec_SaveRestoreLayout.save_restore_layout 470:Get project schematics and layout data
07-02 18:25:27 com_github_MitjaNemec_SaveRestoreLayout.save_restore_layout 176:getting a list of all footprints on board
07-02 18:25:27 com_github_MitjaNemec_SaveRestoreLayout.action_save_restore_layout 91:populating the levels with ['pp3v16v.kicad_sch']
07-02 18:25:27 com_github_MitjaNemec_SaveRestoreLayout.action_save_restore_layout 92:populating the levels with ['PP3V16V']
07-02 18:25:29 com_github_MitjaNemec_SaveRestoreLayout.action_save_restore_layout 100:Clearing highlight
07-02 18:25:29 com_github_MitjaNemec_SaveRestoreLayout.action_save_restore_layout 107:levels_selection 0
07-02 18:25:29 com_github_MitjaNemec_SaveRestoreLayout.action_save_restore_layout 108:levels available ['PP3V16V']
07-02 18:25:41 com_github_MitjaNemec_SaveRestoreLayout.action_save_restore_layout 256:Saving the layout in '/Users/michaelarmbrust/workspace/circuits/Blocks/pp3v16v.pckl' for level 0
07-02 18:25:41 com_github_MitjaNemec_SaveRestoreLayout.save_restore_layout 483:Saving layout for level: ['PP3V16V']
07-02 18:25:41 com_github_MitjaNemec_SaveRestoreLayout.save_restore_layout 484:Calculating hash of the layout schematics
07-02 18:25:41 com_github_MitjaNemec_SaveRestoreLayout.save_restore_layout 488:Saving hash for files: ['pp3v16v.kicad_sch']
07-02 18:25:41 root 499:Source footprints are: ['C201', 'R208', 'R215', 'R211', 'Q201', 'R217', 'C203', 'C202', 'R203', 'R214', 'D204', 'R202', 'R219', 'D205', 'D202', 'R207', 'R210', 'R212', 'F201', 'D201', 'R213', 'R205', 'R216', 'R218', 'D203', 'D206', 'Protect201', 'R209', 'R204', 'U201', 'R201', 'R220', 'R206']
07-02 18:25:41 com_github_MitjaNemec_SaveRestoreLayout.save_restore_layout 510:Removing everything else from the layout
07-02 18:25:41 com_github_MitjaNemec_SaveRestoreLayout.save_restore_layout 585:Removing text
07-02 18:25:41 com_github_MitjaNemec_SaveRestoreLayout.save_restore_layout 560:Removing drawing
07-02 18:25:41 com_github_MitjaNemec_SaveRestoreLayout.save_restore_layout 606:Removing zones
07-02 18:25:41 com_github_MitjaNemec_SaveRestoreLayout.save_restore_layout 627:Removing tracks
07-02 18:25:41 com_github_MitjaNemec_SaveRestoreLayout.save_restore_layout 629:Bounding box points: (13795000, 37505000, 17705000, 50180000)
07-02 18:25:41 com_github_MitjaNemec_SaveRestoreLayout.save_restore_layout 652:Removing footprints
07-02 18:25:41 com_github_MitjaNemec_SaveRestoreLayout.save_restore_layout 528:Saving layout in temporary file
07-02 18:25:41 com_github_MitjaNemec_SaveRestoreLayout.save_restore_layout 532:Reading layout as text
07-02 18:25:41 com_github_MitjaNemec_SaveRestoreLayout.save_restore_layout 539:Saving layout data
07-02 18:25:41 com_github_MitjaNemec_SaveRestoreLayout.save_restore_layout 557:Successfully saved the layout
