07-02 15:46:13 com_github_MitjaNemec_SaveRestoreLayout.action_save_restore_layout 178:Plugin executed on: 'darwin'
07-02 15:46:13 com_github_MitjaNemec_SaveRestoreLayout.action_save_restore_layout 179:Plugin executed with python version: '3.9.13 (v3.9.13:6de2ca5339, May 17 2022, 11:37:23) \n[Clang 13.0.0 (clang-1300.0.29.30)]'
07-02 15:46:13 com_github_MitjaNemec_SaveRestoreLayout.action_save_restore_layout 180:KiCad build version: 8.0.3
07-02 15:46:13 com_github_MitjaNemec_SaveRestoreLayout.action_save_restore_layout 181:Plugin version: 3.0.1
07-02 15:46:13 com_github_MitjaNemec_SaveRestoreLayout.action_save_restore_layout 182:Frame repr: <wx._core.Frame object at 0x126709160>
07-02 15:46:13 com_github_MitjaNemec_SaveRestoreLayout.action_save_restore_layout 200:Anchor footprint reference is 'C101'
07-02 15:46:14 com_github_MitjaNemec_SaveRestoreLayout.action_save_restore_layout 280:Restore layout chosen
07-02 15:46:19 com_github_MitjaNemec_SaveRestoreLayout.action_save_restore_layout 75:Initialization start
07-02 15:46:19 com_github_MitjaNemec_SaveRestoreLayout.action_save_restore_layout 77:Initialization done Group name:
07-02 15:46:21 com_github_MitjaNemec_SaveRestoreLayout.save_restore_layout 788:Getting board info
07-02 15:46:21 com_github_MitjaNemec_SaveRestoreLayout.save_restore_layout 791:Get project schematics and layout data
07-02 15:46:21 com_github_MitjaNemec_SaveRestoreLayout.save_restore_layout 176:getting a list of all footprints on board
07-02 15:46:21 com_github_MitjaNemec_SaveRestoreLayout.save_restore_layout 805:Loading saved design
07-02 15:46:21 com_github_MitjaNemec_SaveRestoreLayout.save_restore_layout 830:Source level is:['protection.kicad_sch']
07-02 15:46:21 com_github_MitjaNemec_SaveRestoreLayout.save_restore_layout 835:Destination footprint is:'C101'
07-02 15:46:21 com_github_MitjaNemec_SaveRestoreLayout.save_restore_layout 836:Destination levels available are:[]
07-02 15:46:36 com_github_MitjaNemec_SaveRestoreLayout.action_save_restore_layout 325:Error when restoring layout
Traceback (most recent call last):
  File "/Users/michaelarmbrust/Documents/KiCad/8.0/3rdparty/plugins/com_github_MitjaNemec_SaveRestoreLayout/action_save_restore_layout.py", line 318, in Run
    restore_layout.restore_layout(layout_file)
  File "/Users/michaelarmbrust/Documents/KiCad/8.0/3rdparty/plugins/com_github_MitjaNemec_SaveRestoreLayout/save_restore_layout.py", line 840, in restore_layout
    raise LookupError("Destination hierarchy: " + repr(self.dst_anchor_fp.filename) + "\n"
LookupError: Destination hierarchy: []
does not match source level: 'protection.kicad_sch'
